<?xml version="1.0" encoding="UTF-8"?>
<!-- Generated by org.testng.reporters.JUnitXMLReporter -->
<testsuite hostname="DESKTOP-QJ9BFKC" name="Command line test" tests="1" failures="1" timestamp="13 Jan 2022 04:56:12 GMT" time="0.057" errors="0">
  <testcase name="firstTask" time="0.01" classname="Test.Task">
    <failure type="java.lang.NullPointerException">
      <![CDATA[java.lang.NullPointerException
	at POM.TaskPOM.homeScreen(TaskPOM.java:48)
	at Test.Task.firstTask(Task.java:44)
	at Test.Runner.main(Runner.java:17)
... Removed 21 stack frames]]>
    </failure>
  </testcase> <!-- firstTask -->
</testsuite> <!-- Command line test -->
