<?xml version="1.0" encoding="UTF-8"?>
<testng-results skipped="0" failed="1" total="1" passed="0">
  <reporter-output>
  </reporter-output>
  <suite name="Command line suite" duration-ms="57" started-at="2022-01-13T04:56:12Z" finished-at="2022-01-13T04:56:12Z">
    <groups>
    </groups>
    <test name="Command line test" duration-ms="57" started-at="2022-01-13T04:56:12Z" finished-at="2022-01-13T04:56:12Z">
      <class name="Test.Task">
        <test-method status="PASS" signature="launchbrowser()[pri:0, instance:Test.Task@1ab3a8c8]" name="launchbrowser" is-config="true" duration-ms="8531" started-at="2022-01-13T10:26:03Z" finished-at="2022-01-13T10:26:12Z">
          <reporter-output>
          </reporter-output>
        </test-method> <!-- launchbrowser -->
        <test-method status="PASS" signature="setUpObjects()[pri:0, instance:Test.Task@1ab3a8c8]" name="setUpObjects" is-config="true" duration-ms="33" started-at="2022-01-13T10:26:12Z" finished-at="2022-01-13T10:26:12Z">
          <reporter-output>
          </reporter-output>
        </test-method> <!-- setUpObjects -->
        <test-method status="FAIL" signature="firstTask()[pri:0, instance:Test.Task@1ab3a8c8]" name="firstTask" duration-ms="10" started-at="2022-01-13T10:26:12Z" finished-at="2022-01-13T10:26:12Z">
          <exception class="java.lang.NullPointerException">
            <full-stacktrace>
              <![CDATA[java.lang.NullPointerException
	at POM.TaskPOM.homeScreen(TaskPOM.java:48)
	at Test.Task.firstTask(Task.java:44)
	at sun.reflect.NativeMethodAccessorImpl.invoke0(Native Method)
	at sun.reflect.NativeMethodAccessorImpl.invoke(NativeMethodAccessorImpl.java:62)
	at sun.reflect.DelegatingMethodAccessorImpl.invoke(DelegatingMethodAccessorImpl.java:43)
	at java.lang.reflect.Method.invoke(Method.java:498)
	at org.testng.internal.MethodInvocationHelper.invokeMethod(MethodInvocationHelper.java:80)
	at org.testng.internal.Invoker.invokeMethod(Invoker.java:714)
	at org.testng.internal.Invoker.invokeTestMethod(Invoker.java:901)
	at org.testng.internal.Invoker.invokeTestMethods(Invoker.java:1231)
	at org.testng.internal.TestMethodWorker.invokeTestMethods(TestMethodWorker.java:127)
	at org.testng.internal.TestMethodWorker.run(TestMethodWorker.java:111)
	at org.testng.TestRunner.privateRun(TestRunner.java:767)
	at org.testng.TestRunner.run(TestRunner.java:617)
	at org.testng.SuiteRunner.runTest(SuiteRunner.java:334)
	at org.testng.SuiteRunner.runSequentially(SuiteRunner.java:329)
	at org.testng.SuiteRunner.privateRun(SuiteRunner.java:291)
	at org.testng.SuiteRunner.run(SuiteRunner.java:240)
	at org.testng.SuiteRunnerWorker.runSuite(SuiteRunnerWorker.java:52)
	at org.testng.SuiteRunnerWorker.run(SuiteRunnerWorker.java:86)
	at org.testng.TestNG.runSuitesSequentially(TestNG.java:1198)
	at org.testng.TestNG.runSuitesLocally(TestNG.java:1123)
	at org.testng.TestNG.run(TestNG.java:1031)
	at Test.Runner.main(Runner.java:17)
]]>
            </full-stacktrace>
          </exception> <!-- java.lang.NullPointerException -->
          <reporter-output>
          </reporter-output>
        </test-method> <!-- firstTask -->
        <test-method status="PASS" signature="teardown()[pri:0, instance:Test.Task@1ab3a8c8]" name="teardown" is-config="true" duration-ms="1" started-at="2022-01-13T10:26:12Z" finished-at="2022-01-13T10:26:12Z">
          <reporter-output>
          </reporter-output>
        </test-method> <!-- teardown -->
      </class> <!-- Test.Task -->
    </test> <!-- Command line test -->
  </suite> <!-- Command line suite -->
</testng-results>
